<!DOCTYPE html>
<html>
<head>
<meta http-equiv="Content-Type" content="text/html; charset=utf-8"/>
<meta http-equiv="x-ua-compatible" content="IE=edge"/>
<title>Test results - Class com.phonebook.tests.CreateAccountTests</title>
<link href="../css/base-style.css" rel="stylesheet" type="text/css"/>
<link href="../css/style.css" rel="stylesheet" type="text/css"/>
<script src="../js/report.js" type="text/javascript"></script>
</head>
<body>
<div id="content">
<h1>Class com.phonebook.tests.CreateAccountTests</h1>
<div class="breadcrumbs">
<a href="../index.html">all</a> &gt; 
<a href="../packages/com.phonebook.tests.html">com.phonebook.tests</a> &gt; CreateAccountTests</div>
<div id="summary">
<table>
<tr>
<td>
<div class="summaryGroup">
<table>
<tr>
<td>
<div class="infoBox" id="tests">
<div class="counter">1</div>
<p>tests</p>
</div>
</td>
<td>
<div class="infoBox" id="failures">
<div class="counter">0</div>
<p>failures</p>
</div>
</td>
<td>
<div class="infoBox" id="ignored">
<div class="counter">0</div>
<p>ignored</p>
</div>
</td>
<td>
<div class="infoBox" id="duration">
<div class="counter">2.050s</div>
<p>duration</p>
</div>
</td>
</tr>
</table>
</div>
</td>
<td>
<div class="infoBox success" id="successRate">
<div class="percent">100%</div>
<p>successful</p>
</div>
</td>
</tr>
</table>
</div>
<div id="tabs">
<ul class="tabLinks">
<li>
<a href="#tab0">Tests</a>
</li>
<li>
<a href="#tab1">Standard output</a>
</li>
</ul>
<div id="tab0" class="tab">
<h2>Tests</h2>
<table>
<thead>
<tr>
<th>Test</th>
<th>Duration</th>
<th>Result</th>
</tr>
</thead>
<tr>
<td class="success">createExistedAccountNegativeTest</td>
<td class="success">2.050s</td>
<td class="success">passed</td>
</tr>
</table>
</div>
<div id="tab1" class="tab">
<h2>Standard output</h2>
<span class="code">
<pre>18:41:03.407 [Test worker] INFO  com.phonebook.tests.TestBase -- Start test createExistedAccountNegativeTest with data: []
18:41:03.412 [Test worker] INFO  com.phonebook.utils.MyListener -- Before find elements -&gt; By.cssSelector: [href='/login']
18:41:03.469 [Test worker] INFO  com.phonebook.utils.MyListener -- After find elements -&gt; By.cssSelector: [href='/login']
18:41:03.470 [Test worker] INFO  com.phonebook.utils.MyListener -- List size is 1
18:41:03.475 [Test worker] INFO  com.phonebook.utils.MyListener -- Before find element -&gt; By.cssSelector: [href='/login']
18:41:03.526 [Test worker] INFO  com.phonebook.utils.MyListener -- After find element -&gt; By.cssSelector: [href='/login']
18:41:03.659 [Test worker] INFO  com.phonebook.utils.MyListener -- Before find element -&gt; By.name: email
18:41:03.697 [Test worker] INFO  com.phonebook.utils.MyListener -- After find element -&gt; By.name: email
18:41:03.780 [Test worker] INFO  com.phonebook.utils.MyListener -- Before find element -&gt; By.name: email
18:41:03.808 [Test worker] INFO  com.phonebook.utils.MyListener -- After find element -&gt; By.name: email
18:41:03.852 [Test worker] INFO  com.phonebook.utils.MyListener -- Before find element -&gt; By.name: email
18:41:03.892 [Test worker] INFO  com.phonebook.utils.MyListener -- After find element -&gt; By.name: email
18:41:03.994 [Test worker] INFO  com.phonebook.utils.MyListener -- Before find element -&gt; By.name: password
18:41:04.025 [Test worker] INFO  com.phonebook.utils.MyListener -- After find element -&gt; By.name: password
18:41:04.080 [Test worker] INFO  com.phonebook.utils.MyListener -- Before find element -&gt; By.name: password
18:41:04.106 [Test worker] INFO  com.phonebook.utils.MyListener -- After find element -&gt; By.name: password
18:41:04.148 [Test worker] INFO  com.phonebook.utils.MyListener -- Before find element -&gt; By.name: password
18:41:04.177 [Test worker] INFO  com.phonebook.utils.MyListener -- After find element -&gt; By.name: password
18:41:04.254 [Test worker] INFO  com.phonebook.utils.MyListener -- Before find element -&gt; By.name: registration
18:41:04.286 [Test worker] INFO  com.phonebook.utils.MyListener -- After find element -&gt; By.name: registration
18:41:04.366 [Test worker] INFO  com.phonebook.utils.MyListener -- Something went wrong!!!
18:41:04.367 [Test worker] INFO  com.phonebook.utils.MyListener -- ****************************************************************
18:41:04.367 [Test worker] INFO  com.phonebook.utils.MyListener -- Method -&gt; alert
18:41:04.367 [Test worker] INFO  com.phonebook.utils.MyListener -- ****************************************************************
18:41:04.368 [Test worker] INFO  com.phonebook.utils.MyListener -- Object target org.openqa.selenium.remote.RemoteWebDriver$RemoteTargetLocator@404db674
18:41:04.368 [Test worker] INFO  com.phonebook.utils.MyListener -- ****************************************************************
18:41:04.370 [Test worker] INFO  com.phonebook.utils.MyListener -- Target exception org.openqa.selenium.NoAlertPresentException: no such alert
  (Session info: chrome=126.0.6478.114)
Build info: version: '4.21.0', revision: '79ed462ef4'
System info: os.name: 'Windows 11', os.arch: 'amd64', os.version: '10.0', java.version: '11.0.22'
Driver info: org.openqa.selenium.chrome.ChromeDriver
Command: [51926c429f737383bd147c6c87343b8f, getAlertText {}]
Capabilities {acceptInsecureCerts: false, browserName: chrome, browserVersion: 126.0.6478.114, chrome: {chromedriverVersion: 126.0.6478.55 (7616ff175414..., userDataDir: C:\Users\Tanya\AppData\Loca...}, fedcm:accounts: true, goog:chromeOptions: {debuggerAddress: localhost:57529}, networkConnectionEnabled: false, pageLoadStrategy: normal, platformName: windows, proxy: Proxy(), se:cdp: ws://localhost:57529/devtoo..., se:cdpVersion: 126.0.6478.114, setWindowRect: true, strictFileInteractability: false, timeouts: {implicit: 0, pageLoad: 300000, script: 30000}, unhandledPromptBehavior: dismiss and notify, webauthn:extension:credBlob: true, webauthn:extension:largeBlob: true, webauthn:extension:minPinLength: true, webauthn:extension:prf: true, webauthn:virtualAuthenticators: true}
Session ID: 51926c429f737383bd147c6c87343b8f
18:41:04.920 [Test worker] INFO  com.phonebook.utils.MyListener -- Something went wrong!!!
18:41:04.920 [Test worker] INFO  com.phonebook.utils.MyListener -- ****************************************************************
18:41:04.920 [Test worker] INFO  com.phonebook.utils.MyListener -- Method -&gt; alert
18:41:04.921 [Test worker] INFO  com.phonebook.utils.MyListener -- ****************************************************************
18:41:04.921 [Test worker] INFO  com.phonebook.utils.MyListener -- Object target org.openqa.selenium.remote.RemoteWebDriver$RemoteTargetLocator@65d8dff8
18:41:04.921 [Test worker] INFO  com.phonebook.utils.MyListener -- ****************************************************************
18:41:04.921 [Test worker] INFO  com.phonebook.utils.MyListener -- Target exception org.openqa.selenium.NoAlertPresentException: no such alert
  (Session info: chrome=126.0.6478.114)
Build info: version: '4.21.0', revision: '79ed462ef4'
System info: os.name: 'Windows 11', os.arch: 'amd64', os.version: '10.0', java.version: '11.0.22'
Driver info: org.openqa.selenium.chrome.ChromeDriver
Command: [51926c429f737383bd147c6c87343b8f, getAlertText {}]
Capabilities {acceptInsecureCerts: false, browserName: chrome, browserVersion: 126.0.6478.114, chrome: {chromedriverVersion: 126.0.6478.55 (7616ff175414..., userDataDir: C:\Users\Tanya\AppData\Loca...}, fedcm:accounts: true, goog:chromeOptions: {debuggerAddress: localhost:57529}, networkConnectionEnabled: false, pageLoadStrategy: normal, platformName: windows, proxy: Proxy(), se:cdp: ws://localhost:57529/devtoo..., se:cdpVersion: 126.0.6478.114, setWindowRect: true, strictFileInteractability: false, timeouts: {implicit: 0, pageLoad: 300000, script: 30000}, unhandledPromptBehavior: dismiss and notify, webauthn:extension:credBlob: true, webauthn:extension:largeBlob: true, webauthn:extension:minPinLength: true, webauthn:extension:prf: true, webauthn:virtualAuthenticators: true}
Session ID: 51926c429f737383bd147c6c87343b8f
18:41:05.483 [Test worker] INFO  com.phonebook.utils.MyListener -- Before find elements -&gt; By.xpath: //div[.='Registration failed with code 409']
18:41:05.518 [Test worker] INFO  com.phonebook.utils.MyListener -- After find elements -&gt; By.xpath: //div[.='Registration failed with code 409']
18:41:05.520 [Test worker] INFO  com.phonebook.utils.MyListener -- List size is 1
18:41:05.528 [Test worker] INFO  com.phonebook.tests.TestBase -- PASSED: createExistedAccountNegativeTest
18:41:05.531 [Test worker] INFO  com.phonebook.tests.TestBase -- Stop test
18:41:05.532 [Test worker] INFO  com.phonebook.tests.TestBase -- ===================================================================================
</pre>
</span>
</div>
</div>
<div id="footer">
<p>
<div>
<label class="hidden" id="label-for-line-wrapping-toggle" for="line-wrapping-toggle">Wrap lines
<input id="line-wrapping-toggle" type="checkbox" autocomplete="off"/>
</label>
</div>Generated by 
<a href="http://www.gradle.org">Gradle 8.8</a> at 21 июн. 2024 г., 18:41:28</p>
</div>
</div>
</body>
</html>
