<?xml version="1.0" encoding="UTF-8"?>
<testsuite name="com.phonebook.tests.CreateAccountTests" tests="1" skipped="0" failures="0" errors="0" timestamp="2024-06-21T16:41:03" hostname="LAPTOP-PQ7VFM0I" time="2.05">
  <properties/>
  <testcase name="createExistedAccountNegativeTest" classname="com.phonebook.tests.CreateAccountTests" time="2.05"/>
  <system-out><![CDATA[18:41:03.407 [Test worker] INFO  com.phonebook.tests.TestBase -- Start test createExistedAccountNegativeTest with data: []
18:41:03.412 [Test worker] INFO  com.phonebook.utils.MyListener -- Before find elements -> By.cssSelector: [href='/login']
18:41:03.469 [Test worker] INFO  com.phonebook.utils.MyListener -- After find elements -> By.cssSelector: [href='/login']
18:41:03.470 [Test worker] INFO  com.phonebook.utils.MyListener -- List size is 1
18:41:03.475 [Test worker] INFO  com.phonebook.utils.MyListener -- Before find element -> By.cssSelector: [href='/login']
18:41:03.526 [Test worker] INFO  com.phonebook.utils.MyListener -- After find element -> By.cssSelector: [href='/login']
18:41:03.659 [Test worker] INFO  com.phonebook.utils.MyListener -- Before find element -> By.name: email
18:41:03.697 [Test worker] INFO  com.phonebook.utils.MyListener -- After find element -> By.name: email
18:41:03.780 [Test worker] INFO  com.phonebook.utils.MyListener -- Before find element -> By.name: email
18:41:03.808 [Test worker] INFO  com.phonebook.utils.MyListener -- After find element -> By.name: email
18:41:03.852 [Test worker] INFO  com.phonebook.utils.MyListener -- Before find element -> By.name: email
18:41:03.892 [Test worker] INFO  com.phonebook.utils.MyListener -- After find element -> By.name: email
18:41:03.994 [Test worker] INFO  com.phonebook.utils.MyListener -- Before find element -> By.name: password
18:41:04.025 [Test worker] INFO  com.phonebook.utils.MyListener -- After find element -> By.name: password
18:41:04.080 [Test worker] INFO  com.phonebook.utils.MyListener -- Before find element -> By.name: password
18:41:04.106 [Test worker] INFO  com.phonebook.utils.MyListener -- After find element -> By.name: password
18:41:04.148 [Test worker] INFO  com.phonebook.utils.MyListener -- Before find element -> By.name: password
18:41:04.177 [Test worker] INFO  com.phonebook.utils.MyListener -- After find element -> By.name: password
18:41:04.254 [Test worker] INFO  com.phonebook.utils.MyListener -- Before find element -> By.name: registration
18:41:04.286 [Test worker] INFO  com.phonebook.utils.MyListener -- After find element -> By.name: registration
18:41:04.366 [Test worker] INFO  com.phonebook.utils.MyListener -- Something went wrong!!!
18:41:04.367 [Test worker] INFO  com.phonebook.utils.MyListener -- ****************************************************************
18:41:04.367 [Test worker] INFO  com.phonebook.utils.MyListener -- Method -> alert
18:41:04.367 [Test worker] INFO  com.phonebook.utils.MyListener -- ****************************************************************
18:41:04.368 [Test worker] INFO  com.phonebook.utils.MyListener -- Object target org.openqa.selenium.remote.RemoteWebDriver$RemoteTargetLocator@404db674
18:41:04.368 [Test worker] INFO  com.phonebook.utils.MyListener -- ****************************************************************
18:41:04.370 [Test worker] INFO  com.phonebook.utils.MyListener -- Target exception org.openqa.selenium.NoAlertPresentException: no such alert
  (Session info: chrome=126.0.6478.114)
Build info: version: '4.21.0', revision: '79ed462ef4'
System info: os.name: 'Windows 11', os.arch: 'amd64', os.version: '10.0', java.version: '11.0.22'
Driver info: org.openqa.selenium.chrome.ChromeDriver
Command: [51926c429f737383bd147c6c87343b8f, getAlertText {}]
Capabilities {acceptInsecureCerts: false, browserName: chrome, browserVersion: 126.0.6478.114, chrome: {chromedriverVersion: 126.0.6478.55 (7616ff175414..., userDataDir: C:\Users\Tanya\AppData\Loca...}, fedcm:accounts: true, goog:chromeOptions: {debuggerAddress: localhost:57529}, networkConnectionEnabled: false, pageLoadStrategy: normal, platformName: windows, proxy: Proxy(), se:cdp: ws://localhost:57529/devtoo..., se:cdpVersion: 126.0.6478.114, setWindowRect: true, strictFileInteractability: false, timeouts: {implicit: 0, pageLoad: 300000, script: 30000}, unhandledPromptBehavior: dismiss and notify, webauthn:extension:credBlob: true, webauthn:extension:largeBlob: true, webauthn:extension:minPinLength: true, webauthn:extension:prf: true, webauthn:virtualAuthenticators: true}
Session ID: 51926c429f737383bd147c6c87343b8f
18:41:04.920 [Test worker] INFO  com.phonebook.utils.MyListener -- Something went wrong!!!
18:41:04.920 [Test worker] INFO  com.phonebook.utils.MyListener -- ****************************************************************
18:41:04.920 [Test worker] INFO  com.phonebook.utils.MyListener -- Method -> alert
18:41:04.921 [Test worker] INFO  com.phonebook.utils.MyListener -- ****************************************************************
18:41:04.921 [Test worker] INFO  com.phonebook.utils.MyListener -- Object target org.openqa.selenium.remote.RemoteWebDriver$RemoteTargetLocator@65d8dff8
18:41:04.921 [Test worker] INFO  com.phonebook.utils.MyListener -- ****************************************************************
18:41:04.921 [Test worker] INFO  com.phonebook.utils.MyListener -- Target exception org.openqa.selenium.NoAlertPresentException: no such alert
  (Session info: chrome=126.0.6478.114)
Build info: version: '4.21.0', revision: '79ed462ef4'
System info: os.name: 'Windows 11', os.arch: 'amd64', os.version: '10.0', java.version: '11.0.22'
Driver info: org.openqa.selenium.chrome.ChromeDriver
Command: [51926c429f737383bd147c6c87343b8f, getAlertText {}]
Capabilities {acceptInsecureCerts: false, browserName: chrome, browserVersion: 126.0.6478.114, chrome: {chromedriverVersion: 126.0.6478.55 (7616ff175414..., userDataDir: C:\Users\Tanya\AppData\Loca...}, fedcm:accounts: true, goog:chromeOptions: {debuggerAddress: localhost:57529}, networkConnectionEnabled: false, pageLoadStrategy: normal, platformName: windows, proxy: Proxy(), se:cdp: ws://localhost:57529/devtoo..., se:cdpVersion: 126.0.6478.114, setWindowRect: true, strictFileInteractability: false, timeouts: {implicit: 0, pageLoad: 300000, script: 30000}, unhandledPromptBehavior: dismiss and notify, webauthn:extension:credBlob: true, webauthn:extension:largeBlob: true, webauthn:extension:minPinLength: true, webauthn:extension:prf: true, webauthn:virtualAuthenticators: true}
Session ID: 51926c429f737383bd147c6c87343b8f
18:41:05.483 [Test worker] INFO  com.phonebook.utils.MyListener -- Before find elements -> By.xpath: //div[.='Registration failed with code 409']
18:41:05.518 [Test worker] INFO  com.phonebook.utils.MyListener -- After find elements -> By.xpath: //div[.='Registration failed with code 409']
18:41:05.520 [Test worker] INFO  com.phonebook.utils.MyListener -- List size is 1
18:41:05.528 [Test worker] INFO  com.phonebook.tests.TestBase -- PASSED: createExistedAccountNegativeTest
18:41:05.531 [Test worker] INFO  com.phonebook.tests.TestBase -- Stop test
18:41:05.532 [Test worker] INFO  com.phonebook.tests.TestBase -- ===================================================================================
]]></system-out>
  <system-err><![CDATA[]]></system-err>
</testsuite>
